{
  "RSpec": {
    "coverage": {
      "/Users/lakshaybhambri/Desktop/work/practise/movie-booking-system/app/models/user.rb": [
        null,
        null,
        1,
        1,
        1,
        null
      ],
      "/Users/lakshaybhambri/Desktop/work/practise/movie-booking-system/app/controllers/timings_controller.rb": [
        null,
        null,
        1,
        2,
        7,
        3,
        null,
        1,
        null,
        1,
        1,
        null,
        null,
        1,
        2,
        null,
        null,
        1,
        1,
        1,
        null,
        null,
        1,
        2,
        null,
        null,
        1,
        2,
        null,
        null,
        1,
        null,
        1,
        12,
        null,
        null,
        1,
        2,
        null,
        null,
        1,
        2,
        null,
        null,
        1,
        2,
        null,
        null,
        1,
        6,
        null,
        null,
        1,
        1,
        null,
        null,
        1,
        2,
        1,
        1,
        1,
        null,
        null,
        null
      ],
      "/Users/lakshaybhambri/Desktop/work/practise/movie-booking-system/app/controllers/halls_controller.rb": [
        null,
        null,
        1,
        4,
        19,
        7,
        null,
        1,
        null,
        1,
        1,
        null,
        null,
        1,
        2,
        null,
        null,
        1,
        1,
        1,
        null,
        null,
        1,
        2,
        null,
        null,
        1,
        2,
        null,
        null,
        1,
        null,
        1,
        3,
        null,
        null,
        1,
        7,
        null,
        null,
        1,
        7,
        null,
        null,
        1,
        18,
        null,
        null,
        1,
        3,
        null,
        null,
        1,
        6,
        3,
        3,
        3,
        null,
        null,
        null
      ],
      "/Users/lakshaybhambri/Desktop/work/practise/movie-booking-system/app/models/region.rb": [
        null,
        null,
        1,
        1,
        1,
        1,
        1,
        1,
        null
      ],
      "/Users/lakshaybhambri/Desktop/work/practise/movie-booking-system/app/models/timing.rb": [
        null,
        null,
        1,
        1,
        1,
        null
      ],
      "/Users/lakshaybhambri/Desktop/work/practise/movie-booking-system/lib/error/error_handler.rb": [
        null,
        null,
        1,
        1,
        1,
        1,
        1,
        null,
        null,
        null,
        1,
        null,
        1,
        1,
        null,
        null,
        null
      ],
      "/Users/lakshaybhambri/Desktop/work/practise/movie-booking-system/app/controllers/users_controller.rb": [
        null,
        null,
        1,
        2,
        8,
        4,
        null,
        1,
        null,
        1,
        1,
        null,
        null,
        1,
        2,
        null,
        null,
        1,
        2,
        2,
        null,
        null,
        1,
        2,
        null,
        null,
        1,
        3,
        null,
        null,
        1,
        null,
        1,
        14,
        null,
        null,
        1,
        4,
        null,
        null,
        1,
        4,
        null,
        null,
        1,
        4,
        null,
        null,
        1,
        4,
        null,
        null,
        1,
        7,
        null,
        null,
        1,
        1,
        null,
        null,
        1,
        3,
        2,
        2,
        2,
        2,
        null,
        null,
        null
      ],
      "/Users/lakshaybhambri/Desktop/work/practise/movie-booking-system/app/models/show.rb": [
        null,
        null,
        1,
        1,
        1,
        1,
        1,
        1,
        null,
        1,
        34,
        1,
        null,
        33,
        1,
        null,
        null,
        1,
        8,
        1,
        null,
        7,
        1,
        null,
        null,
        null
      ],
      "/Users/lakshaybhambri/Desktop/work/practise/movie-booking-system/app/models/application_record.rb": [
        null,
        null,
        1,
        1,
        null
      ],
      "/Users/lakshaybhambri/Desktop/work/practise/movie-booking-system/app/controllers/shows_controller.rb": [
        null,
        null,
        1,
        3,
        13,
        5,
        null,
        1,
        null,
        1,
        1,
        null,
        null,
        1,
        2,
        null,
        null,
        1,
        1,
        1,
        null,
        null,
        1,
        2,
        null,
        null,
        1,
        2,
        null,
        null,
        1,
        null,
        1,
        3,
        null,
        null,
        1,
        7,
        null,
        null,
        1,
        3,
        null,
        null,
        1,
        3,
        null,
        null,
        1,
        7,
        null,
        null,
        1,
        3,
        null,
        null,
        1,
        3,
        null,
        null,
        1,
        3,
        null,
        null,
        1,
        3,
        null,
        null,
        1,
        12,
        null,
        null,
        1,
        4,
        null,
        null,
        1,
        4,
        2,
        2,
        2,
        2,
        2,
        2,
        null,
        null,
        null
      ],
      "/Users/lakshaybhambri/Desktop/work/practise/movie-booking-system/app/controllers/bookings_controller.rb": [
        null,
        null,
        1,
        2,
        7,
        3,
        null,
        1,
        null,
        1,
        1,
        null,
        null,
        1,
        2,
        null,
        null,
        1,
        2,
        2,
        null,
        null,
        1,
        2,
        null,
        null,
        1,
        2,
        null,
        null,
        1,
        null,
        1,
        14,
        null,
        null,
        1,
        3,
        null,
        null,
        1,
        3,
        null,
        null,
        1,
        20,
        null,
        null,
        1,
        3,
        null,
        null,
        1,
        6,
        null,
        null,
        1,
        5,
        null,
        null,
        1,
        2,
        1,
        1,
        null,
        null,
        null
      ],
      "/Users/lakshaybhambri/Desktop/work/practise/movie-booking-system/app/controllers/application_controller.rb": [
        null,
        null,
        1,
        1,
        null,
        1,
        26,
        null,
        null,
        1,
        8,
        null,
        null,
        1,
        17,
        null,
        8,
        null,
        null,
        1,
        9,
        8,
        8,
        null,
        1,
        null,
        null,
        null,
        1,
        10,
        9,
        8,
        null,
        1,
        null,
        null,
        null,
        1,
        16,
        8,
        null,
        8,
        null,
        null,
        null,
        1,
        16,
        8,
        8,
        null,
        8,
        null,
        null,
        null
      ],
      "/Users/lakshaybhambri/Desktop/work/practise/movie-booking-system/app/controllers/theatres_controller.rb": [
        null,
        null,
        1,
        5,
        25,
        9,
        null,
        1,
        null,
        1,
        1,
        null,
        null,
        1,
        2,
        null,
        null,
        1,
        1,
        1,
        null,
        null,
        1,
        2,
        null,
        null,
        1,
        2,
        null,
        null,
        1,
        null,
        1,
        5,
        null,
        null,
        1,
        7,
        null,
        null,
        1,
        7,
        null,
        null,
        1,
        24,
        null,
        null,
        1,
        2,
        null,
        null,
        1,
        8,
        4,
        4,
        4,
        null,
        null,
        null
      ],
      "/Users/lakshaybhambri/Desktop/work/practise/movie-booking-system/app/controllers/movies_controller.rb": [
        null,
        null,
        1,
        2,
        7,
        3,
        null,
        1,
        null,
        1,
        1,
        null,
        null,
        1,
        2,
        null,
        null,
        1,
        1,
        1,
        null,
        null,
        1,
        2,
        null,
        null,
        1,
        2,
        null,
        null,
        1,
        null,
        1,
        12,
        null,
        null,
        1,
        2,
        null,
        null,
        1,
        2,
        null,
        null,
        1,
        2,
        null,
        null,
        1,
        2,
        null,
        null,
        1,
        6,
        null,
        null,
        1,
        1,
        null,
        null,
        1,
        2,
        1,
        1,
        1,
        1,
        null,
        null,
        null
      ],
      "/Users/lakshaybhambri/Desktop/work/practise/movie-booking-system/app/controllers/regions_controller.rb": [
        null,
        null,
        1,
        6,
        31,
        11,
        null,
        1,
        null,
        1,
        1,
        null,
        null,
        1,
        2,
        null,
        null,
        1,
        1,
        1,
        null,
        null,
        1,
        2,
        null,
        null,
        1,
        2,
        null,
        null,
        1,
        null,
        1,
        120,
        null,
        null,
        1,
        15,
        null,
        null,
        1,
        6,
        null,
        null,
        1,
        6,
        null,
        null,
        1,
        6,
        null,
        null,
        1,
        30,
        null,
        null,
        1,
        1,
        null,
        null,
        1,
        10,
        5,
        5,
        5,
        null,
        null,
        null
      ],
      "/Users/lakshaybhambri/Desktop/work/practise/movie-booking-system/app/models/hall.rb": [
        null,
        null,
        1,
        1,
        1,
        1,
        null
      ],
      "/Users/lakshaybhambri/Desktop/work/practise/movie-booking-system/app/models/booking.rb": [
        null,
        null,
        1,
        1,
        1,
        null,
        1,
        24,
        null,
        null,
        1,
        2,
        null,
        null,
        1,
        4,
        4,
        3,
        3,
        null,
        null,
        null,
        1,
        1,
        1,
        1,
        1,
        1,
        1,
        null,
        null,
        null,
        1,
        1,
        1,
        1,
        1,
        null,
        null,
        null,
        1,
        null,
        1,
        26,
        1,
        null,
        25,
        1,
        null,
        null,
        null
      ],
      "/Users/lakshaybhambri/Desktop/work/practise/movie-booking-system/app/models/movie.rb": [
        null,
        null,
        1,
        1,
        1,
        1,
        1,
        null
      ],
      "/Users/lakshaybhambri/Desktop/work/practise/movie-booking-system/app/models/theatre.rb": [
        null,
        null,
        1,
        1,
        null,
        1,
        1,
        null
      ]
    },
    "timestamp": 1576002657
  }
}
